Using pre-set license
Built from '2022.3/staging' branch; Version is '2022.3.22f1 (887be4894c44) revision 8944612'; Using compiler version '192829333'; Build Type 'Release'
OS: 'Windows 11  (10.0.26100) 64bit Core' Language: 'ko' Physical Memory: 32461 MB
BatchMode: 1, IsHumanControllingUs: 0, StartBugReporterOnCrash: 0, Is64bit: 1, IsPro: 1

COMMAND LINE ARGUMENTS:
C:\Program Files\Unity\Hub\Editor\2022.3.22f1\Editor\Unity.exe
-adb2
-batchMode
-noUpm
-name
AssetImportWorker7
-projectPath
C:/Users/uj090/Re_VendingMachine
-logFile
Logs/AssetImportWorker7.log
-srvPort
53846
Successfully changed project path to: C:/Users/uj090/Re_VendingMachine
C:/Users/uj090/Re_VendingMachine
[UnityMemory] Configuration Parameters - Can be set up in boot.config
    "memorysetup-bucket-allocator-granularity=16"
    "memorysetup-bucket-allocator-bucket-count=8"
    "memorysetup-bucket-allocator-block-size=33554432"
    "memorysetup-bucket-allocator-block-count=8"
    "memorysetup-main-allocator-block-size=16777216"
    "memorysetup-thread-allocator-block-size=16777216"
    "memorysetup-gfx-main-allocator-block-size=16777216"
    "memorysetup-gfx-thread-allocator-block-size=16777216"
    "memorysetup-cache-allocator-block-size=4194304"
    "memorysetup-typetree-allocator-block-size=2097152"
    "memorysetup-profiler-bucket-allocator-granularity=16"
    "memorysetup-profiler-bucket-allocator-bucket-count=8"
    "memorysetup-profiler-bucket-allocator-block-size=33554432"
    "memorysetup-profiler-bucket-allocator-block-count=8"
    "memorysetup-profiler-allocator-block-size=16777216"
    "memorysetup-profiler-editor-allocator-block-size=1048576"
    "memorysetup-temp-allocator-size-main=16777216"
    "memorysetup-job-temp-allocator-block-size=2097152"
    "memorysetup-job-temp-allocator-block-size-background=1048576"
    "memorysetup-job-temp-allocator-reduction-small-platforms=262144"
    "memorysetup-allocator-temp-initial-block-size-main=262144"
    "memorysetup-allocator-temp-initial-block-size-worker=262144"
    "memorysetup-temp-allocator-size-background-worker=32768"
    "memorysetup-temp-allocator-size-job-worker=262144"
    "memorysetup-temp-allocator-size-preload-manager=33554432"
    "memorysetup-temp-allocator-size-nav-mesh-worker=65536"
    "memorysetup-temp-allocator-size-audio-worker=65536"
    "memorysetup-temp-allocator-size-cloud-worker=32768"
    "memorysetup-temp-allocator-size-gi-baking-worker=262144"
    "memorysetup-temp-allocator-size-gfx=262144"
Player connection [28820] Host "[IP] 211.221.26.231 [Port] 0 [Flags] 2 [Guid] 1329137136 [EditorId] 1329137136 [Version] 1048832 [Id] WindowsEditor(7,youjeong) [Debug] 1 [PackageName] WindowsEditor [ProjectName] Editor" joined multi-casting on [225.0.0.222:54997]...

Player connection [28820] Host "[IP] 211.221.26.231 [Port] 0 [Flags] 2 [Guid] 1329137136 [EditorId] 1329137136 [Version] 1048832 [Id] WindowsEditor(7,youjeong) [Debug] 1 [PackageName] WindowsEditor [ProjectName] Editor" joined alternative multi-casting on [225.0.0.222:34997]...

[Physics::Module] Initialized MultithreadedJobDispatcher with 23 workers.
Refreshing native plugins compatible for Editor in 12.77 ms, found 3 plugins.
Preloading 0 native plugins for Editor in 0.00 ms.
Initialize engine version: 2022.3.22f1 (887be4894c44)
[Subsystems] Discovering subsystems at path C:/Program Files/Unity/Hub/Editor/2022.3.22f1/Editor/Data/Resources/UnitySubsystems
[Subsystems] Discovering subsystems at path C:/Users/uj090/Re_VendingMachine/Assets
GfxDevice: creating device client; threaded=0; jobified=0
Direct3D:
    Version:  Direct3D 11.0 [level 11.1]
    Renderer: NVIDIA GeForce RTX 4060 Laptop GPU (ID=0x28e0)
    Vendor:   NVIDIA
    VRAM:     7957 MB
    Driver:   32.0.15.5613
Initialize mono
Mono path[0] = 'C:/Program Files/Unity/Hub/Editor/2022.3.22f1/Editor/Data/Managed'
Mono path[1] = 'C:/Program Files/Unity/Hub/Editor/2022.3.22f1/Editor/Data/MonoBleedingEdge/lib/mono/unityjit-win32'
Mono config path = 'C:/Program Files/Unity/Hub/Editor/2022.3.22f1/Editor/Data/MonoBleedingEdge/etc'
Using monoOptions --debugger-agent=transport=dt_socket,embedding=1,server=y,suspend=n,address=127.0.0.1:56856
Begin MonoManager ReloadAssembly
Registering precompiled unity dll's ...
Register platform support module: C:/Program Files/Unity/Hub/Editor/2022.3.22f1/Editor/Data/PlaybackEngines/AndroidPlayer/UnityEditor.Android.Extensions.dll
Register platform support module: C:/Program Files/Unity/Hub/Editor/2022.3.22f1/Editor/Data/PlaybackEngines/WindowsStandaloneSupport/UnityEditor.WindowsStandalone.Extensions.dll
Registered in 0.011971 seconds.
- Loaded All Assemblies, in  0.321 seconds
Native extension for WindowsStandalone target not found
Native extension for Android target not found
Android Extension - Scanning For ADB Devices 357 ms
Mono: successfully reloaded assembly
- Finished resetting the current domain, in  0.654 seconds
Domain Reload Profiling: 974ms
	BeginReloadAssembly (102ms)
		ExecutionOrderSort (0ms)
		DisableScriptedObjects (0ms)
		BackupInstance (0ms)
		ReleaseScriptingObjects (0ms)
		CreateAndSetChildDomain (1ms)
	RebuildCommonClasses (31ms)
	RebuildNativeTypeToScriptingClass (9ms)
	initialDomainReloadingComplete (59ms)
	LoadAllAssembliesAndSetupDomain (118ms)
		LoadAssemblies (100ms)
		RebuildTransferFunctionScriptingTraits (0ms)
		AnalyzeDomain (116ms)
			TypeCache.Refresh (114ms)
				TypeCache.ScanAssembly (104ms)
			ScanForSourceGeneratedMonoScriptInfo (0ms)
			ResolveRequiredComponents (0ms)
	FinalizeReload (654ms)
		ReleaseScriptCaches (0ms)
		RebuildScriptCaches (0ms)
		SetupLoadedEditorAssemblies (601ms)
			LogAssemblyErrors (0ms)
			InitializePlatformSupportModulesInManaged (457ms)
			SetLoadedEditorAssemblies (4ms)
			RefreshPlugins (0ms)
			BeforeProcessingInitializeOnLoad (2ms)
			ProcessInitializeOnLoadAttributes (95ms)
			ProcessInitializeOnLoadMethodAttributes (43ms)
			AfterProcessingInitializeOnLoad (0ms)
			EditorAssembliesLoaded (0ms)
		ExecutionOrderSort2 (0ms)
		AwakeInstancesAfterBackupRestoration (0ms)
========================================================================
Worker process is ready to serve import requests
Begin MonoManager ReloadAssembly
- Loaded All Assemblies, in  0.692 seconds
Refreshing native plugins compatible for Editor in 4.70 ms, found 3 plugins.
Native extension for WindowsStandalone target not found
Native extension for Android target not found
Mono: successfully reloaded assembly
- Finished resetting the current domain, in  0.665 seconds
Domain Reload Profiling: 1354ms
	BeginReloadAssembly (139ms)
		ExecutionOrderSort (0ms)
		DisableScriptedObjects (5ms)
		BackupInstance (0ms)
		ReleaseScriptingObjects (0ms)
		CreateAndSetChildDomain (18ms)
	RebuildCommonClasses (29ms)
	RebuildNativeTypeToScriptingClass (8ms)
	initialDomainReloadingComplete (47ms)
	LoadAllAssembliesAndSetupDomain (465ms)
		LoadAssemblies (361ms)
		RebuildTransferFunctionScriptingTraits (0ms)
		AnalyzeDomain (191ms)
			TypeCache.Refresh (161ms)
				TypeCache.ScanAssembly (147ms)
			ScanForSourceGeneratedMonoScriptInfo (19ms)
			ResolveRequiredComponents (9ms)
	FinalizeReload (666ms)
		ReleaseScriptCaches (0ms)
		RebuildScriptCaches (0ms)
		SetupLoadedEditorAssemblies (533ms)
			LogAssemblyErrors (0ms)
			InitializePlatformSupportModulesInManaged (24ms)
			SetLoadedEditorAssemblies (5ms)
			RefreshPlugins (0ms)
			BeforeProcessingInitializeOnLoad (116ms)
			ProcessInitializeOnLoadAttributes (324ms)
			ProcessInitializeOnLoadMethodAttributes (56ms)
			AfterProcessingInitializeOnLoad (8ms)
			EditorAssembliesLoaded (0ms)
		ExecutionOrderSort2 (0ms)
		AwakeInstancesAfterBackupRestoration (6ms)
Launched and connected shader compiler UnityShaderCompiler.exe after 0.05 seconds
Refreshing native plugins compatible for Editor in 5.34 ms, found 3 plugins.
Preloading 0 native plugins for Editor in 0.00 ms.
Unloading 5121 Unused Serialized files (Serialized files now loaded: 0)
Unloading 67 unused Assets / (355.6 KB). Loaded Objects now: 5578.
Memory consumption went from 209.6 MB to 209.3 MB.
Total: 3.290900 ms (FindLiveObjects: 0.269800 ms CreateObjectMapping: 0.158800 ms MarkObjects: 2.701400 ms  DeleteObjects: 0.159700 ms)

AssetImportParameters requested are different than current active one (requested -> active):
  custom:container-demuxer-ogg: 62fdf1f143b41e24485cea50d1cbac27 -> 
  custom:video-codec-MediaFoundation-h265: 746d11721c4dcdbdad8f713fa42b33f4 -> 
  custom:video-decoder-ogg-theora: a1e56fd34408186e4bbccfd4996cb3dc -> 
  custom:framework-win-MediaFoundation: 216162199b28c13a410421893ffa2e32 -> 
  custom:CustomObjectIndexerAttribute: 72b91833f83ae208fae7752999fa3104 -> 
  custom:container-demuxer-webm: 4f35f7cbe854078d1ac9338744f61a02 -> 
  custom:container-muxer-webm: aa71ff27fc2769a1b78a27578f13a17b -> 
  custom:video-decoder-webm-vp8: 9c59270c3fd7afecdb556c50c9e8de78 -> 
  custom:SearchIndexIgnoredProperties: e643bd26f0fe6173181afceb89e7c659 -> 
  custom:AudioImporter_EditorPlatform: d09bf68614088b80899f8185d706f6e7 -> 
  custom:video-encoder-webm-vp8: eb34c28f22e8b96e1ab97ce403110664 -> 
  custom:audio-decoder-ogg-vorbis: bf7c407c2cedff20999df2af8eb42d56 -> 
  custom:audio-encoder-webm-vorbis: bf7c407c2cedff20999df2af8eb42d56 -> 
========================================================================
Received Import Request.
  Time since last request: 658813.014480 seconds.
  path: Assets/Prefabs/Vendings
  artifactKey: Guid(53ece82da0271c242a1ed1fafcf69c64) Importer(2089858483,0ecaa5967403d082aa24f35e1b516d23)
Start importing Assets/Prefabs/Vendings using Guid(53ece82da0271c242a1ed1fafcf69c64) Importer(2089858483,0ecaa5967403d082aa24f35e1b516d23)  -> (artifact id: '0e3f4cba0c25f75ca34f32df2d9e8779') in 0.162052 seconds
Number of updated asset objects reloaded before import = 0
Number of asset objects unloaded after import = 1
========================================================================
Received Import Request.
  Time since last request: 0.000021 seconds.
  path: Assets/Prefabs/Vendings/vending_coffee.prefab
  artifactKey: Guid(37abfb435500bdb489a6e4946b0358b5) Importer(2089858483,0ecaa5967403d082aa24f35e1b516d23)
Start importing Assets/Prefabs/Vendings/vending_coffee.prefab using Guid(37abfb435500bdb489a6e4946b0358b5) Importer(2089858483,0ecaa5967403d082aa24f35e1b516d23)  -> (artifact id: '7371f5198799fc783156a57534a2d413') in 0.076468 seconds
Number of updated asset objects reloaded before import = 0
Number of asset objects unloaded after import = 8
========================================================================
Received Import Request.
  Time since last request: 1.886047 seconds.
  path: Assets/Fringe Game Design/Vendings/Prefabs/Vendings
  artifactKey: Guid(53ece82da0271c242a1ed1fafcf69c64) Importer(2089858483,0ecaa5967403d082aa24f35e1b516d23)
Start importing Assets/Fringe Game Design/Vendings/Prefabs/Vendings using Guid(53ece82da0271c242a1ed1fafcf69c64) Importer(2089858483,0ecaa5967403d082aa24f35e1b516d23)  -> (artifact id: 'f6d00952d95e45918234a2fd0ebdcb7b') in 0.012086 seconds
Number of updated asset objects reloaded before import = 0
Number of asset objects unloaded after import = 1
========================================================================
Received Import Request.
  Time since last request: 32.134842 seconds.
  path: Assets/Asset/Fringe Game Design/Vendings/Materials/Vendings
  artifactKey: Guid(d00fe4604f112084e9fdc4b9a6bc7e96) Importer(2089858483,0ecaa5967403d082aa24f35e1b516d23)
Start importing Assets/Asset/Fringe Game Design/Vendings/Materials/Vendings using Guid(d00fe4604f112084e9fdc4b9a6bc7e96) Importer(2089858483,0ecaa5967403d082aa24f35e1b516d23)  -> (artifact id: '0db16e74b38e23e94e9eae3b0f981fe2') in 0.011538 seconds
Number of updated asset objects reloaded before import = 0
Number of asset objects unloaded after import = 1
========================================================================
Received Import Request.
  Time since last request: 0.002395 seconds.
  path: Assets/Asset/Fringe Game Design/Vendings/Materials
  artifactKey: Guid(95080d14656ad234fbca809965393e35) Importer(2089858483,0ecaa5967403d082aa24f35e1b516d23)
Start importing Assets/Asset/Fringe Game Design/Vendings/Materials using Guid(95080d14656ad234fbca809965393e35) Importer(2089858483,0ecaa5967403d082aa24f35e1b516d23)  -> (artifact id: '833d6d5fa88f49543354159a668ec9d9') in 0.012470 seconds
Number of updated asset objects reloaded before import = 0
Number of asset objects unloaded after import = 1
========================================================================
Received Import Request.
  Time since last request: 0.000355 seconds.
  path: Assets/Asset/Fringe Game Design/Vendings
  artifactKey: Guid(c2e429da5b5b0394284f5c5226ea5973) Importer(2089858483,0ecaa5967403d082aa24f35e1b516d23)
Start importing Assets/Asset/Fringe Game Design/Vendings using Guid(c2e429da5b5b0394284f5c5226ea5973) Importer(2089858483,0ecaa5967403d082aa24f35e1b516d23)  -> (artifact id: '73c1bdb6e0d519180e7caa5520613f19') in 0.013586 seconds
Number of updated asset objects reloaded before import = 0
Number of asset objects unloaded after import = 1
========================================================================
Received Import Request.
  Time since last request: 0.000464 seconds.
  path: Assets/Asset/Fringe Game Design/Vendings/Materials/Vendings/material_vending_glass.mat
  artifactKey: Guid(0f128845cee4b7647ba8885e181858dd) Importer(2089858483,0ecaa5967403d082aa24f35e1b516d23)
Start importing Assets/Asset/Fringe Game Design/Vendings/Materials/Vendings/material_vending_glass.mat using Guid(0f128845cee4b7647ba8885e181858dd) Importer(2089858483,0ecaa5967403d082aa24f35e1b516d23)  -> (artifact id: '5a0d8b8411b8fa0939d4416bb3a470b1') in 0.046152 seconds
Number of updated asset objects reloaded before import = 0
Number of asset objects unloaded after import = 3
========================================================================
Received Import Request.
  Time since last request: 0.000027 seconds.
  path: Assets/Asset/Fringe Game Design/Vendings/Textures/Vending Items
  artifactKey: Guid(f66bf57e26cf3914eb4e0f3d5aaa87d5) Importer(2089858483,0ecaa5967403d082aa24f35e1b516d23)
Start importing Assets/Asset/Fringe Game Design/Vendings/Textures/Vending Items using Guid(f66bf57e26cf3914eb4e0f3d5aaa87d5) Importer(2089858483,0ecaa5967403d082aa24f35e1b516d23)  -> (artifact id: '7e3869bded9f218766a43f2790ba0f35') in 0.015908 seconds
Number of updated asset objects reloaded before import = 0
Number of asset objects unloaded after import = 1
========================================================================
Received Import Request.
  Time since last request: 0.000108 seconds.
  path: Assets/Asset/Fringe Game Design/Vendings/Meshes/Vendings/FBX/vendings.fbx
  artifactKey: Guid(b2dfce70f4c1afa42834582af78cafe4) Importer(2089858483,0ecaa5967403d082aa24f35e1b516d23)
Start importing Assets/Asset/Fringe Game Design/Vendings/Meshes/Vendings/FBX/vendings.fbx using Guid(b2dfce70f4c1afa42834582af78cafe4) Importer(2089858483,0ecaa5967403d082aa24f35e1b516d23)  -> (artifact id: 'cd37749002a8c3f169d7bf940143c6bb') in 0.055903 seconds
Number of updated asset objects reloaded before import = 0
Number of asset objects unloaded after import = 19
========================================================================
Received Import Request.
  Time since last request: 0.000020 seconds.
  path: Assets/Asset/Fringe Game Design/Vendings/Materials/Veniding Items
  artifactKey: Guid(2b17ba2bc6dc4cb47835ffa0e7f33742) Importer(2089858483,0ecaa5967403d082aa24f35e1b516d23)
Start importing Assets/Asset/Fringe Game Design/Vendings/Materials/Veniding Items using Guid(2b17ba2bc6dc4cb47835ffa0e7f33742) Importer(2089858483,0ecaa5967403d082aa24f35e1b516d23)  -> (artifact id: 'dcca2f601aa99abc6760a4036f0fe6b4') in 0.012959 seconds
Number of updated asset objects reloaded before import = 0
Number of asset objects unloaded after import = 1
========================================================================
Received Import Request.
  Time since last request: 0.000020 seconds.
  path: Assets/Asset/Fringe Game Design/Vendings/Textures/Vendings/vending_atlas_emission.png
  artifactKey: Guid(62bba3e2d850fd547a531b92d1964591) Importer(2089858483,0ecaa5967403d082aa24f35e1b516d23)
Start importing Assets/Asset/Fringe Game Design/Vendings/Textures/Vendings/vending_atlas_emission.png using Guid(62bba3e2d850fd547a531b92d1964591) Importer(2089858483,0ecaa5967403d082aa24f35e1b516d23)  -> (artifact id: '352ecdc6632e91c6d048ee585e1ff5b7') in 0.073924 seconds
Number of updated asset objects reloaded before import = 0
Number of asset objects unloaded after import = 1
========================================================================
Received Import Request.
  Time since last request: 0.000028 seconds.
  path: Assets/Asset/Fringe Game Design/Vendings/Textures/Floor/floor_002_specular.png
  artifactKey: Guid(4fd9bc7cc44e311419a2215ca045c7ab) Importer(2089858483,0ecaa5967403d082aa24f35e1b516d23)
Start importing Assets/Asset/Fringe Game Design/Vendings/Textures/Floor/floor_002_specular.png using Guid(4fd9bc7cc44e311419a2215ca045c7ab) Importer(2089858483,0ecaa5967403d082aa24f35e1b516d23)  -> (artifact id: 'eb06a98925428edd9dd19ae6877b4dad') in 0.025828 seconds
Number of updated asset objects reloaded before import = 0
Number of asset objects unloaded after import = 1
========================================================================
Received Import Request.
  Time since last request: 0.000038 seconds.
  path: Assets/Asset/Fringe Game Design/Vendings/Demo Scene/Vendings Demo Scene/ReflectionProbe-0.exr
  artifactKey: Guid(ab6eb73f6c8fe7841a461aa914b878e2) Importer(2089858483,0ecaa5967403d082aa24f35e1b516d23)
Start importing Assets/Asset/Fringe Game Design/Vendings/Demo Scene/Vendings Demo Scene/ReflectionProbe-0.exr using Guid(ab6eb73f6c8fe7841a461aa914b878e2) Importer(2089858483,0ecaa5967403d082aa24f35e1b516d23)  -> (artifact id: '2ab396ec93d3956045a49a934b88b367') in 0.024689 seconds
Number of updated asset objects reloaded before import = 0
Number of asset objects unloaded after import = 1
Editor requested this worker to shutdown with reason: Scaling down because of idle timeout
TcpMessagingSession - receive error: operation aborted. errorcode: 995, details: 스레드 종료 또는 응용 프로그램 요청 때문에 I/O 작업이 취소되었습니다.
AssetImportWorker is now disconnected from the server
Process exiting
Exiting without the bug reporter. Application will terminate with return code 0