Using pre-set license
Built from '2022.3/staging' branch; Version is '2022.3.22f1 (887be4894c44) revision 8944612'; Using compiler version '192829333'; Build Type 'Release'
OS: 'Windows 11  (10.0.26100) 64bit Core' Language: 'ko' Physical Memory: 32461 MB
BatchMode: 1, IsHumanControllingUs: 0, StartBugReporterOnCrash: 0, Is64bit: 1, IsPro: 1

COMMAND LINE ARGUMENTS:
C:\Program Files\Unity\Hub\Editor\2022.3.22f1\Editor\Unity.exe
-adb2
-batchMode
-noUpm
-name
AssetImportWorker1
-projectPath
C:/Users/uj090/Re_VendingMachine
-logFile
Logs/AssetImportWorker1.log
-srvPort
53846
Successfully changed project path to: C:/Users/uj090/Re_VendingMachine
C:/Users/uj090/Re_VendingMachine
[UnityMemory] Configuration Parameters - Can be set up in boot.config
    "memorysetup-bucket-allocator-granularity=16"
    "memorysetup-bucket-allocator-bucket-count=8"
    "memorysetup-bucket-allocator-block-size=33554432"
    "memorysetup-bucket-allocator-block-count=8"
    "memorysetup-main-allocator-block-size=16777216"
    "memorysetup-thread-allocator-block-size=16777216"
    "memorysetup-gfx-main-allocator-block-size=16777216"
    "memorysetup-gfx-thread-allocator-block-size=16777216"
    "memorysetup-cache-allocator-block-size=4194304"
    "memorysetup-typetree-allocator-block-size=2097152"
    "memorysetup-profiler-bucket-allocator-granularity=16"
    "memorysetup-profiler-bucket-allocator-bucket-count=8"
    "memorysetup-profiler-bucket-allocator-block-size=33554432"
    "memorysetup-profiler-bucket-allocator-block-count=8"
    "memorysetup-profiler-allocator-block-size=16777216"
    "memorysetup-profiler-editor-allocator-block-size=1048576"
    "memorysetup-temp-allocator-size-main=16777216"
    "memorysetup-job-temp-allocator-block-size=2097152"
    "memorysetup-job-temp-allocator-block-size-background=1048576"
    "memorysetup-job-temp-allocator-reduction-small-platforms=262144"
    "memorysetup-allocator-temp-initial-block-size-main=262144"
    "memorysetup-allocator-temp-initial-block-size-worker=262144"
    "memorysetup-temp-allocator-size-background-worker=32768"
    "memorysetup-temp-allocator-size-job-worker=262144"
    "memorysetup-temp-allocator-size-preload-manager=33554432"
    "memorysetup-temp-allocator-size-nav-mesh-worker=65536"
    "memorysetup-temp-allocator-size-audio-worker=65536"
    "memorysetup-temp-allocator-size-cloud-worker=32768"
    "memorysetup-temp-allocator-size-gi-baking-worker=262144"
    "memorysetup-temp-allocator-size-gfx=262144"
Player connection [22392] Host "[IP] 211.221.26.231 [Port] 0 [Flags] 2 [Guid] 2728754806 [EditorId] 2728754806 [Version] 1048832 [Id] WindowsEditor(7,youjeong) [Debug] 1 [PackageName] WindowsEditor [ProjectName] Editor" joined multi-casting on [225.0.0.222:54997]...

Player connection [22392] Host "[IP] 211.221.26.231 [Port] 0 [Flags] 2 [Guid] 2728754806 [EditorId] 2728754806 [Version] 1048832 [Id] WindowsEditor(7,youjeong) [Debug] 1 [PackageName] WindowsEditor [ProjectName] Editor" joined alternative multi-casting on [225.0.0.222:34997]...

[Physics::Module] Initialized MultithreadedJobDispatcher with 23 workers.
Refreshing native plugins compatible for Editor in 1656.14 ms, found 3 plugins.
Preloading 0 native plugins for Editor in 0.00 ms.
Initialize engine version: 2022.3.22f1 (887be4894c44)
[Subsystems] Discovering subsystems at path C:/Program Files/Unity/Hub/Editor/2022.3.22f1/Editor/Data/Resources/UnitySubsystems
[Subsystems] Discovering subsystems at path C:/Users/uj090/Re_VendingMachine/Assets
GfxDevice: creating device client; threaded=0; jobified=0
Direct3D:
    Version:  Direct3D 11.0 [level 11.1]
    Renderer: NVIDIA GeForce RTX 4060 Laptop GPU (ID=0x28e0)
    Vendor:   NVIDIA
    VRAM:     7957 MB
    Driver:   32.0.15.5613
Initialize mono
Mono path[0] = 'C:/Program Files/Unity/Hub/Editor/2022.3.22f1/Editor/Data/Managed'
Mono path[1] = 'C:/Program Files/Unity/Hub/Editor/2022.3.22f1/Editor/Data/MonoBleedingEdge/lib/mono/unityjit-win32'
Mono config path = 'C:/Program Files/Unity/Hub/Editor/2022.3.22f1/Editor/Data/MonoBleedingEdge/etc'
Using monoOptions --debugger-agent=transport=dt_socket,embedding=1,server=y,suspend=n,address=127.0.0.1:56572
Begin MonoManager ReloadAssembly
Registering precompiled unity dll's ...
Register platform support module: C:/Program Files/Unity/Hub/Editor/2022.3.22f1/Editor/Data/PlaybackEngines/AndroidPlayer/UnityEditor.Android.Extensions.dll
Register platform support module: C:/Program Files/Unity/Hub/Editor/2022.3.22f1/Editor/Data/PlaybackEngines/WindowsStandaloneSupport/UnityEditor.WindowsStandalone.Extensions.dll
Registered in 0.390939 seconds.
- Loaded All Assemblies, in  7.112 seconds
Native extension for WindowsStandalone target not found
Native extension for Android target not found
Android Extension - Scanning For ADB Devices 350 ms
Mono: successfully reloaded assembly
- Finished resetting the current domain, in  0.663 seconds
Domain Reload Profiling: 7773ms
	BeginReloadAssembly (5189ms)
		ExecutionOrderSort (0ms)
		DisableScriptedObjects (0ms)
		BackupInstance (0ms)
		ReleaseScriptingObjects (0ms)
		CreateAndSetChildDomain (1ms)
	RebuildCommonClasses (346ms)
	RebuildNativeTypeToScriptingClass (8ms)
	initialDomainReloadingComplete (443ms)
	LoadAllAssembliesAndSetupDomain (1123ms)
		LoadAssemblies (5188ms)
		RebuildTransferFunctionScriptingTraits (0ms)
		AnalyzeDomain (1120ms)
			TypeCache.Refresh (1118ms)
				TypeCache.ScanAssembly (1016ms)
			ScanForSourceGeneratedMonoScriptInfo (1ms)
			ResolveRequiredComponents (1ms)
	FinalizeReload (663ms)
		ReleaseScriptCaches (0ms)
		RebuildScriptCaches (0ms)
		SetupLoadedEditorAssemblies (610ms)
			LogAssemblyErrors (0ms)
			InitializePlatformSupportModulesInManaged (455ms)
			SetLoadedEditorAssemblies (4ms)
			RefreshPlugins (0ms)
			BeforeProcessingInitializeOnLoad (2ms)
			ProcessInitializeOnLoadAttributes (99ms)
			ProcessInitializeOnLoadMethodAttributes (49ms)
			AfterProcessingInitializeOnLoad (0ms)
			EditorAssembliesLoaded (0ms)
		ExecutionOrderSort2 (0ms)
		AwakeInstancesAfterBackupRestoration (0ms)
========================================================================
Worker process is ready to serve import requests
Begin MonoManager ReloadAssembly
- Loaded All Assemblies, in  5.141 seconds
Refreshing native plugins compatible for Editor in 3.34 ms, found 3 plugins.
Native extension for WindowsStandalone target not found
Native extension for Android target not found
Mono: successfully reloaded assembly
- Finished resetting the current domain, in  0.628 seconds
Domain Reload Profiling: 5766ms
	BeginReloadAssembly (137ms)
		ExecutionOrderSort (0ms)
		DisableScriptedObjects (4ms)
		BackupInstance (0ms)
		ReleaseScriptingObjects (0ms)
		CreateAndSetChildDomain (16ms)
	RebuildCommonClasses (27ms)
	RebuildNativeTypeToScriptingClass (8ms)
	initialDomainReloadingComplete (37ms)
	LoadAllAssembliesAndSetupDomain (4929ms)
		LoadAssemblies (4551ms)
		RebuildTransferFunctionScriptingTraits (0ms)
		AnalyzeDomain (469ms)
			TypeCache.Refresh (446ms)
				TypeCache.ScanAssembly (379ms)
			ScanForSourceGeneratedMonoScriptInfo (17ms)
			ResolveRequiredComponents (4ms)
	FinalizeReload (628ms)
		ReleaseScriptCaches (0ms)
		RebuildScriptCaches (0ms)
		SetupLoadedEditorAssemblies (493ms)
			LogAssemblyErrors (0ms)
			InitializePlatformSupportModulesInManaged (25ms)
			SetLoadedEditorAssemblies (3ms)
			RefreshPlugins (0ms)
			BeforeProcessingInitializeOnLoad (78ms)
			ProcessInitializeOnLoadAttributes (353ms)
			ProcessInitializeOnLoadMethodAttributes (23ms)
			AfterProcessingInitializeOnLoad (10ms)
			EditorAssembliesLoaded (0ms)
		ExecutionOrderSort2 (0ms)
		AwakeInstancesAfterBackupRestoration (9ms)
Launched and connected shader compiler UnityShaderCompiler.exe after 0.08 seconds
Refreshing native plugins compatible for Editor in 3.91 ms, found 3 plugins.
Preloading 0 native plugins for Editor in 0.00 ms.
Unloading 3152 Unused Serialized files (Serialized files now loaded: 0)
Unloading 33 unused Assets / (57.3 KB). Loaded Objects now: 3616.
Memory consumption went from 128.2 MB to 128.1 MB.
Total: 3.285200 ms (FindLiveObjects: 0.184800 ms CreateObjectMapping: 0.063600 ms MarkObjects: 2.961800 ms  DeleteObjects: 0.074600 ms)

AssetImportParameters requested are different than current active one (requested -> active):
  custom:container-demuxer-ogg: 62fdf1f143b41e24485cea50d1cbac27 -> 
  custom:video-codec-MediaFoundation-h265: 746d11721c4dcdbdad8f713fa42b33f4 -> 
  custom:video-decoder-ogg-theora: a1e56fd34408186e4bbccfd4996cb3dc -> 
  custom:framework-win-MediaFoundation: 216162199b28c13a410421893ffa2e32 -> 
  custom:CustomObjectIndexerAttribute: 9a22284fe3817be447336de3de66b15e -> 
  custom:container-demuxer-webm: 4f35f7cbe854078d1ac9338744f61a02 -> 
  custom:container-muxer-webm: aa71ff27fc2769a1b78a27578f13a17b -> 
  custom:video-decoder-webm-vp8: 9c59270c3fd7afecdb556c50c9e8de78 -> 
  custom:SearchIndexIgnoredProperties: e643bd26f0fe6173181afceb89e7c659 -> 
  custom:AudioImporter_EditorPlatform: d09bf68614088b80899f8185d706f6e7 -> 
  custom:video-encoder-webm-vp8: eb34c28f22e8b96e1ab97ce403110664 -> 
  custom:audio-decoder-ogg-vorbis: bf7c407c2cedff20999df2af8eb42d56 -> 
  custom:audio-encoder-webm-vorbis: bf7c407c2cedff20999df2af8eb42d56 -> 
========================================================================
Received Import Request.
  Time since last request: 657862.177339 seconds.
  path: Assets/Prefabs
  artifactKey: Guid(f803dc31319151b45847a9e9363e1121) Importer(815301076,1909f56bfc062723c751e8b465ee728b)
Start importing Assets/Prefabs using Guid(f803dc31319151b45847a9e9363e1121) Importer(815301076,1909f56bfc062723c751e8b465ee728b)  -> (artifact id: '5a02b17750408dfbd005d652226a3e59') in 0.002287 seconds
Number of updated asset objects reloaded before import = 0
Number of asset objects unloaded after import = 0
========================================================================
Received Import Request.
  Time since last request: 0.000148 seconds.
  path: Assets/Plugins
  artifactKey: Guid(4a864023bcda4664fb671cbf4d2f5d63) Importer(815301076,1909f56bfc062723c751e8b465ee728b)
Start importing Assets/Plugins using Guid(4a864023bcda4664fb671cbf4d2f5d63) Importer(815301076,1909f56bfc062723c751e8b465ee728b)  -> (artifact id: 'ff8b54c5210ae957369388458ce77d7e') in 0.000310 seconds
Number of updated asset objects reloaded before import = 0
Number of asset objects unloaded after import = 0
========================================================================
Received Prepare
Begin MonoManager ReloadAssembly
- Loaded All Assemblies, in  1.005 seconds
Refreshing native plugins compatible for Editor in 8.35 ms, found 3 plugins.
Native extension for WindowsStandalone target not found
Native extension for Android target not found
Mono: successfully reloaded assembly
- Finished resetting the current domain, in  1.861 seconds
Domain Reload Profiling: 2855ms
	BeginReloadAssembly (230ms)
		ExecutionOrderSort (0ms)
		DisableScriptedObjects (6ms)
		BackupInstance (0ms)
		ReleaseScriptingObjects (0ms)
		CreateAndSetChildDomain (41ms)
	RebuildCommonClasses (40ms)
	RebuildNativeTypeToScriptingClass (13ms)
	initialDomainReloadingComplete (51ms)
	LoadAllAssembliesAndSetupDomain (659ms)
		LoadAssemblies (568ms)
		RebuildTransferFunctionScriptingTraits (0ms)
		AnalyzeDomain (226ms)
			TypeCache.Refresh (183ms)
				TypeCache.ScanAssembly (165ms)
			ScanForSourceGeneratedMonoScriptInfo (28ms)
			ResolveRequiredComponents (12ms)
	FinalizeReload (1862ms)
		ReleaseScriptCaches (0ms)
		RebuildScriptCaches (0ms)
		SetupLoadedEditorAssemblies (1194ms)
			LogAssemblyErrors (0ms)
			InitializePlatformSupportModulesInManaged (29ms)
			SetLoadedEditorAssemblies (7ms)
			RefreshPlugins (0ms)
			BeforeProcessingInitializeOnLoad (143ms)
			ProcessInitializeOnLoadAttributes (926ms)
			ProcessInitializeOnLoadMethodAttributes (77ms)
			AfterProcessingInitializeOnLoad (11ms)
			EditorAssembliesLoaded (0ms)
		ExecutionOrderSort2 (0ms)
		AwakeInstancesAfterBackupRestoration (9ms)
Shader 'Universal Render Pipeline/Particles/Simple Lit': fallback shader 'Universal Render Pipeline/Particles/Unlit' not found
Shader 'Universal Render Pipeline/Nature/SpeedTree7': fallback shader 'Hidden/Universal Render Pipeline/FallbackError' not found
Shader 'Universal Render Pipeline/Nature/SpeedTree7': dependency 'BillboardShader' shader 'Universal Render Pipeline/Nature/SpeedTree7 Billboard' not found
Shader 'Hidden/Universal Render Pipeline/Terrain/Lit (Add Pass)': fallback shader 'Hidden/Universal Render Pipeline/FallbackError' not found
Shader 'Hidden/Universal Render Pipeline/Terrain/Lit (Base Pass)': fallback shader 'Hidden/Universal Render Pipeline/FallbackError' not found
WARNING: Shader Unsupported: 'Hidden/Universal Render Pipeline/Terrain/Lit (Base Pass)' - All subshaders removed
WARNING: Shader Did you use #pragma only_renderers and omit this platform?
WARNING: Shader If subshaders removal was intentional, you may have forgotten turning Fallback off?
WARNING: Shader Unsupported: 'Hidden/Universal Render Pipeline/Terrain/Lit (Base Pass)' - All subshaders removed
WARNING: Shader Did you use #pragma only_renderers and omit this platform?
WARNING: Shader If subshaders removal was intentional, you may have forgotten turning Fallback off?
Shader 'Universal Render Pipeline/Unlit': fallback shader 'Hidden/Universal Render Pipeline/FallbackError' not found
Shader 'Hidden/Universal Render Pipeline/StencilDeferred': fallback shader 'Hidden/Universal Render Pipeline/FallbackError' not found
Shader 'Universal Render Pipeline/Simple Lit': fallback shader 'Hidden/Universal Render Pipeline/FallbackError' not found
Shader 'Hidden/Universal Render Pipeline/FallbackError': fallback shader 'Hidden/Core/FallbackError' not found
Refreshing native plugins compatible for Editor in 4.73 ms, found 3 plugins.
Preloading 0 native plugins for Editor in 0.00 ms.
Unloading 5054 Unused Serialized files (Serialized files now loaded: 0)
Unloading 111 unused Assets / (6.9 MB). Loaded Objects now: 5443.
Memory consumption went from 192.9 MB to 186.0 MB.
Total: 5.609500 ms (FindLiveObjects: 0.312900 ms CreateObjectMapping: 0.218600 ms MarkObjects: 2.660700 ms  DeleteObjects: 2.416200 ms)

Prepare: number of updated asset objects reloaded= 0
AssetImportParameters requested are different than current active one (requested -> active):
  custom:container-demuxer-ogg: 62fdf1f143b41e24485cea50d1cbac27 -> 
  custom:video-codec-MediaFoundation-h265: 746d11721c4dcdbdad8f713fa42b33f4 -> 
  custom:video-decoder-ogg-theora: a1e56fd34408186e4bbccfd4996cb3dc -> 
  custom:framework-win-MediaFoundation: 216162199b28c13a410421893ffa2e32 -> 
  custom:CustomObjectIndexerAttribute: 72b91833f83ae208fae7752999fa3104 -> 
  custom:container-demuxer-webm: 4f35f7cbe854078d1ac9338744f61a02 -> 
  custom:container-muxer-webm: aa71ff27fc2769a1b78a27578f13a17b -> 
  custom:video-decoder-webm-vp8: 9c59270c3fd7afecdb556c50c9e8de78 -> 
  custom:SearchIndexIgnoredProperties: e643bd26f0fe6173181afceb89e7c659 -> 
  custom:AudioImporter_EditorPlatform: d09bf68614088b80899f8185d706f6e7 -> 
  custom:video-encoder-webm-vp8: eb34c28f22e8b96e1ab97ce403110664 -> 
  custom:audio-decoder-ogg-vorbis: bf7c407c2cedff20999df2af8eb42d56 -> 
  custom:audio-encoder-webm-vorbis: bf7c407c2cedff20999df2af8eb42d56 -> 
========================================================================
Received Import Request.
  Time since last request: 666.744276 seconds.
  path: Assets/ReVending_URP_Asset_Renderer.asset
  artifactKey: Guid(3b60ff4e12ba9ef45877182236eb6cac) Importer(2089858483,0ecaa5967403d082aa24f35e1b516d23)
Start importing Assets/ReVending_URP_Asset_Renderer.asset using Guid(3b60ff4e12ba9ef45877182236eb6cac) Importer(2089858483,0ecaa5967403d082aa24f35e1b516d23)  -> (artifact id: '87ca2dab397ab79b1a8f77483fbecae0') in 0.292844 seconds
Number of updated asset objects reloaded before import = 0
Number of asset objects unloaded after import = 79
========================================================================
Received Import Request.
  Time since last request: 0.000024 seconds.
  path: Assets/Fringe Game Design/Vendings/Prefabs/Vending Items/soda_can.prefab
  artifactKey: Guid(6a322e6fc2982544a8273cf70c3eb9c9) Importer(2089858483,0ecaa5967403d082aa24f35e1b516d23)
Start importing Assets/Fringe Game Design/Vendings/Prefabs/Vending Items/soda_can.prefab using Guid(6a322e6fc2982544a8273cf70c3eb9c9) Importer(2089858483,0ecaa5967403d082aa24f35e1b516d23)  -> (artifact id: 'f968a77819bc705bdff6b4cd88b4834b') in 0.025901 seconds
Number of updated asset objects reloaded before import = 0
Number of asset objects unloaded after import = 24
========================================================================
Received Import Request.
  Time since last request: 0.000025 seconds.
  path: Assets/Fringe Game Design/Vendings/Materials/Vendings/material_vending_glass.mat
  artifactKey: Guid(0f128845cee4b7647ba8885e181858dd) Importer(2089858483,0ecaa5967403d082aa24f35e1b516d23)
Start importing Assets/Fringe Game Design/Vendings/Materials/Vendings/material_vending_glass.mat using Guid(0f128845cee4b7647ba8885e181858dd) Importer(2089858483,0ecaa5967403d082aa24f35e1b516d23)  -> (artifact id: '364576488fce082f68ac91f41fbf45e3') in 0.035634 seconds
Number of updated asset objects reloaded before import = 0
Number of asset objects unloaded after import = 6
========================================================================
Received Import Request.
  Time since last request: 0.000015 seconds.
  path: Assets/Fringe Game Design/Vendings/Prefabs/Vendings/vending_food.prefab
  artifactKey: Guid(80167277843eaa84493a917935860ae0) Importer(2089858483,0ecaa5967403d082aa24f35e1b516d23)
Start importing Assets/Fringe Game Design/Vendings/Prefabs/Vendings/vending_food.prefab using Guid(80167277843eaa84493a917935860ae0) Importer(2089858483,0ecaa5967403d082aa24f35e1b516d23)  -> (artifact id: '132354d7e3970e3b664354d3cfd11b5a') in 0.035363 seconds
Number of updated asset objects reloaded before import = 0
Number of asset objects unloaded after import = 8
========================================================================
Received Import Request.
  Time since last request: 0.000019 seconds.
  path: Assets/Scripts/Gacha/GachaTable.cs
  artifactKey: Guid(f3521f9d0c3a0e74eb0599271bc81d0e) Importer(2089858483,0ecaa5967403d082aa24f35e1b516d23)
Start importing Assets/Scripts/Gacha/GachaTable.cs using Guid(f3521f9d0c3a0e74eb0599271bc81d0e) Importer(2089858483,0ecaa5967403d082aa24f35e1b516d23)  -> (artifact id: 'b8060b587025448149d0d57d3a1d2c2d') in 0.013219 seconds
Number of updated asset objects reloaded before import = 0
Number of asset objects unloaded after import = 1
========================================================================
Received Import Request.
  Time since last request: 0.000016 seconds.
  path: Assets/Fringe Game Design/Vendings/Prefabs/Vending Items/red_soda.prefab
  artifactKey: Guid(07c4678d4365e64469399f055211a1d7) Importer(2089858483,0ecaa5967403d082aa24f35e1b516d23)
Start importing Assets/Fringe Game Design/Vendings/Prefabs/Vending Items/red_soda.prefab using Guid(07c4678d4365e64469399f055211a1d7) Importer(2089858483,0ecaa5967403d082aa24f35e1b516d23)  -> (artifact id: '9c895b6ef2bc1f5c494dc5cf1f242ebe') in 0.018657 seconds
Number of updated asset objects reloaded before import = 0
Number of asset objects unloaded after import = 7
========================================================================
Received Import Request.
  Time since last request: 0.000032 seconds.
  path: Assets/Scripts/Core/UIManager.cs
  artifactKey: Guid(f056152483f677e458f59c3b6736678d) Importer(2089858483,0ecaa5967403d082aa24f35e1b516d23)
Start importing Assets/Scripts/Core/UIManager.cs using Guid(f056152483f677e458f59c3b6736678d) Importer(2089858483,0ecaa5967403d082aa24f35e1b516d23)  -> (artifact id: '2569c92a147f44fb92c2bab3493c5132') in 0.012756 seconds
Number of updated asset objects reloaded before import = 0
Number of asset objects unloaded after import = 1
========================================================================
Received Import Request.
  Time since last request: 0.000135 seconds.
  path: Assets/Scripts/Core/GameManager.cs
  artifactKey: Guid(66512c3d662a0de41b4c81fec06fbd8d) Importer(2089858483,0ecaa5967403d082aa24f35e1b516d23)
Start importing Assets/Scripts/Core/GameManager.cs using Guid(66512c3d662a0de41b4c81fec06fbd8d) Importer(2089858483,0ecaa5967403d082aa24f35e1b516d23)  -> (artifact id: '9784cc86407b5e7e34a20302a1172e8e') in 0.016716 seconds
Number of updated asset objects reloaded before import = 0
Number of asset objects unloaded after import = 1
========================================================================
Received Import Request.
  Time since last request: 0.000142 seconds.
  path: Assets/Fringe Game Design/Vendings/Prefabs/Vending Items/yellow_soda.prefab
  artifactKey: Guid(33e59ac093429b645afc665610a30ee1) Importer(2089858483,0ecaa5967403d082aa24f35e1b516d23)
Start importing Assets/Fringe Game Design/Vendings/Prefabs/Vending Items/yellow_soda.prefab using Guid(33e59ac093429b645afc665610a30ee1) Importer(2089858483,0ecaa5967403d082aa24f35e1b516d23)  -> (artifact id: '831667a6f9b8f6ce8d496b6df67f4ad5') in 0.025303 seconds
Number of updated asset objects reloaded before import = 0
Number of asset objects unloaded after import = 7
========================================================================
Received Import Request.
  Time since last request: 0.000016 seconds.
  path: Assets/Fringe Game Design/Vendings/Materials/Veniding Items/vending_items.mat
  artifactKey: Guid(9621e3feabe936842b75fe34e00d1255) Importer(2089858483,0ecaa5967403d082aa24f35e1b516d23)
Start importing Assets/Fringe Game Design/Vendings/Materials/Veniding Items/vending_items.mat using Guid(9621e3feabe936842b75fe34e00d1255) Importer(2089858483,0ecaa5967403d082aa24f35e1b516d23)  -> (artifact id: 'fae9b1c5c10e691deb13d6833fd26681') in 0.024533 seconds
Number of updated asset objects reloaded before import = 0
Number of asset objects unloaded after import = 6
========================================================================
Received Import Request.
  Time since last request: 0.000016 seconds.
  path: Assets/Fringe Game Design/Vendings/Meshes/Vending Items/FBX/vending_items.fbx
  artifactKey: Guid(5070bc93e88d8b144982d3be7429c2c6) Importer(2089858483,0ecaa5967403d082aa24f35e1b516d23)
Start importing Assets/Fringe Game Design/Vendings/Meshes/Vending Items/FBX/vending_items.fbx using Guid(5070bc93e88d8b144982d3be7429c2c6) Importer(2089858483,0ecaa5967403d082aa24f35e1b516d23)  -> (artifact id: 'f1834d2433af1e541cc9711f5867d697') in 0.061999 seconds
Number of updated asset objects reloaded before import = 0
Number of asset objects unloaded after import = 29
========================================================================
Received Import Request.
  Time since last request: 0.000019 seconds.
  path: Assets/Fringe Game Design/Vendings/Textures/Floor/floor_002_diffuse.png
  artifactKey: Guid(a58f2874e979f3c478e1532da43f3c48) Importer(2089858483,0ecaa5967403d082aa24f35e1b516d23)
Start importing Assets/Fringe Game Design/Vendings/Textures/Floor/floor_002_diffuse.png using Guid(a58f2874e979f3c478e1532da43f3c48) Importer(2089858483,0ecaa5967403d082aa24f35e1b516d23)  -> (artifact id: '63e548bfbfd9632933a47c90ce73d9dd') in 0.082208 seconds
Number of updated asset objects reloaded before import = 0
Number of asset objects unloaded after import = 1
========================================================================
Received Import Request.
  Time since last request: 0.000034 seconds.
  path: Assets/Scenes/BattleScene.unity
  artifactKey: Guid(cfdfe0f880a0b9c4eb0befbbcbe85f09) Importer(2089858483,0ecaa5967403d082aa24f35e1b516d23)
Start importing Assets/Scenes/BattleScene.unity using Guid(cfdfe0f880a0b9c4eb0befbbcbe85f09) Importer(2089858483,0ecaa5967403d082aa24f35e1b516d23)  -> (artifact id: '4a64f89435cf292fcac44e07a1b01050') in 0.012497 seconds
Number of updated asset objects reloaded before import = 0
Number of asset objects unloaded after import = 1
========================================================================
Received Import Request.
  Time since last request: 0.000037 seconds.
  path: Assets/Scripts/Gameplay/MergeManager.cs
  artifactKey: Guid(798a953a77f0d4247bdb3c7d519a42c4) Importer(2089858483,0ecaa5967403d082aa24f35e1b516d23)
Start importing Assets/Scripts/Gameplay/MergeManager.cs using Guid(798a953a77f0d4247bdb3c7d519a42c4) Importer(2089858483,0ecaa5967403d082aa24f35e1b516d23)  -> (artifact id: '107720052bf8c1a034446f1a484a45b3') in 0.017501 seconds
Number of updated asset objects reloaded before import = 0
Number of asset objects unloaded after import = 1
========================================================================
Received Import Request.
  Time since last request: 0.000017 seconds.
  path: Assets/Fringe Game Design/Vendings/Materials/interior/floor_001_material.mat
  artifactKey: Guid(946953feeb7f6ae45a945daf57d83862) Importer(2089858483,0ecaa5967403d082aa24f35e1b516d23)
Start importing Assets/Fringe Game Design/Vendings/Materials/interior/floor_001_material.mat using Guid(946953feeb7f6ae45a945daf57d83862) Importer(2089858483,0ecaa5967403d082aa24f35e1b516d23)  -> (artifact id: 'fad2386613f686e902003e5785bc8e67') in 0.023624 seconds
Number of updated asset objects reloaded before import = 0
Number of asset objects unloaded after import = 5
========================================================================
Received Import Request.
  Time since last request: 0.000018 seconds.
  path: Assets/Scripts/Gacha/CharacterData.cs
  artifactKey: Guid(eaeb8c9e3015a8345829633b947665ab) Importer(2089858483,0ecaa5967403d082aa24f35e1b516d23)
Start importing Assets/Scripts/Gacha/CharacterData.cs using Guid(eaeb8c9e3015a8345829633b947665ab) Importer(2089858483,0ecaa5967403d082aa24f35e1b516d23)  -> (artifact id: '199ca9cf1c964ddeabf8b74fe774ff91') in 0.017184 seconds
Number of updated asset objects reloaded before import = 0
Number of asset objects unloaded after import = 1
========================================================================
Received Import Request.
  Time since last request: 0.000121 seconds.
  path: Assets/Fringe Game Design/Vendings/Textures/Vendings/vending_atlas_emission.png
  artifactKey: Guid(62bba3e2d850fd547a531b92d1964591) Importer(2089858483,0ecaa5967403d082aa24f35e1b516d23)
Start importing Assets/Fringe Game Design/Vendings/Textures/Vendings/vending_atlas_emission.png using Guid(62bba3e2d850fd547a531b92d1964591) Importer(2089858483,0ecaa5967403d082aa24f35e1b516d23)  -> (artifact id: '1a063135a41fe3603dff0558adfee4c3') in 0.029466 seconds
Number of updated asset objects reloaded before import = 0
Number of asset objects unloaded after import = 1
========================================================================
Received Import Request.
  Time since last request: 0.000019 seconds.
  path: Assets/Fringe Game Design/Vendings/Textures/Vendings/vending_atlas.png
  artifactKey: Guid(904000ee3e467044e813e9e45c5526fc) Importer(2089858483,0ecaa5967403d082aa24f35e1b516d23)
Start importing Assets/Fringe Game Design/Vendings/Textures/Vendings/vending_atlas.png using Guid(904000ee3e467044e813e9e45c5526fc) Importer(2089858483,0ecaa5967403d082aa24f35e1b516d23)  -> (artifact id: '4dc10491d8348531a5f9f87f821dc4c4') in 0.036968 seconds
Number of updated asset objects reloaded before import = 0
Number of asset objects unloaded after import = 1
========================================================================
Received Import Request.
  Time since last request: 0.000079 seconds.
  path: Assets/Fringe Game Design/Vendings/Textures/Floor/floor_001_diffuse.png
  artifactKey: Guid(f07bafd83dc8e5f40936e8f3c8a856b2) Importer(2089858483,0ecaa5967403d082aa24f35e1b516d23)
Start importing Assets/Fringe Game Design/Vendings/Textures/Floor/floor_001_diffuse.png using Guid(f07bafd83dc8e5f40936e8f3c8a856b2) Importer(2089858483,0ecaa5967403d082aa24f35e1b516d23)  -> (artifact id: '9498e0fc6e7106285acd73240f6259b0') in 0.035416 seconds
Number of updated asset objects reloaded before import = 0
Number of asset objects unloaded after import = 1
========================================================================
Received Import Request.
  Time since last request: 0.000023 seconds.
  path: Assets/Fringe Game Design/Vendings/Prefabs/Vending Items/coffee_cup.prefab
  artifactKey: Guid(4ee3c6a5d6030104b867136df744d710) Importer(2089858483,0ecaa5967403d082aa24f35e1b516d23)
Start importing Assets/Fringe Game Design/Vendings/Prefabs/Vending Items/coffee_cup.prefab using Guid(4ee3c6a5d6030104b867136df744d710) Importer(2089858483,0ecaa5967403d082aa24f35e1b516d23)  -> (artifact id: 'e080401f71d1c0d3261f3428e5a227d8') in 0.023157 seconds
Number of updated asset objects reloaded before import = 0
Number of asset objects unloaded after import = 7
========================================================================
Received Import Request.
  Time since last request: 0.000018 seconds.
  path: Assets/Scenes/FriendScene.unity
  artifactKey: Guid(1aebaeb8226f2ae489f3d97e8e5bf0f4) Importer(2089858483,0ecaa5967403d082aa24f35e1b516d23)
Start importing Assets/Scenes/FriendScene.unity using Guid(1aebaeb8226f2ae489f3d97e8e5bf0f4) Importer(2089858483,0ecaa5967403d082aa24f35e1b516d23)  -> (artifact id: 'c31c577aa14d9baa7756a372222e6947') in 0.015083 seconds
Number of updated asset objects reloaded before import = 0
Number of asset objects unloaded after import = 1
========================================================================
Received Import Request.
  Time since last request: 0.000025 seconds.
  path: Assets/Fringe Game Design/Vendings/Textures/Floor/floor_002_specular.png
  artifactKey: Guid(4fd9bc7cc44e311419a2215ca045c7ab) Importer(2089858483,0ecaa5967403d082aa24f35e1b516d23)
Start importing Assets/Fringe Game Design/Vendings/Textures/Floor/floor_002_specular.png using Guid(4fd9bc7cc44e311419a2215ca045c7ab) Importer(2089858483,0ecaa5967403d082aa24f35e1b516d23)  -> (artifact id: '225125a85d2d5c5de82fb7c7fe4a9003') in 0.035689 seconds
Number of updated asset objects reloaded before import = 0
Number of asset objects unloaded after import = 1
========================================================================
Received Import Request.
  Time since last request: 0.000032 seconds.
  path: Assets/Fringe Game Design/Vendings/Materials/Vendings/material_vendings.mat
  artifactKey: Guid(e1145d5f1f1492d41944e0b3540addc4) Importer(2089858483,0ecaa5967403d082aa24f35e1b516d23)
Start importing Assets/Fringe Game Design/Vendings/Materials/Vendings/material_vendings.mat using Guid(e1145d5f1f1492d41944e0b3540addc4) Importer(2089858483,0ecaa5967403d082aa24f35e1b516d23)  -> (artifact id: '18d19973f6fae3feb67613d5b92ff140') in 0.029914 seconds
Number of updated asset objects reloaded before import = 0
Number of asset objects unloaded after import = 7
========================================================================
Received Prepare
Switching render pipeline 00000000000000000000000000000000 -> b4b03e67a7e9348428524aa3920dd5ca
Refreshing native plugins compatible for Editor in 8.02 ms, found 3 plugins.
Preloading 0 native plugins for Editor in 0.00 ms.
Unloading 132 Unused Serialized files (Serialized files now loaded: 0)
Unloading 51 unused Assets / (4.6 MB). Loaded Objects now: 5525.
Memory consumption went from 122.8 MB to 118.2 MB.
Total: 7.036900 ms (FindLiveObjects: 0.388500 ms CreateObjectMapping: 0.288000 ms MarkObjects: 4.214300 ms  DeleteObjects: 2.144900 ms)

Prepare: number of updated asset objects reloaded= 0
AssetImportParameters requested are different than current active one (requested -> active):
  custom:container-demuxer-ogg: 62fdf1f143b41e24485cea50d1cbac27 -> 
  custom:video-codec-MediaFoundation-h265: 746d11721c4dcdbdad8f713fa42b33f4 -> 
  custom:video-decoder-ogg-theora: a1e56fd34408186e4bbccfd4996cb3dc -> 
  custom:framework-win-MediaFoundation: 216162199b28c13a410421893ffa2e32 -> 
  custom:CustomObjectIndexerAttribute: 72b91833f83ae208fae7752999fa3104 -> 
  custom:container-demuxer-webm: 4f35f7cbe854078d1ac9338744f61a02 -> 
  custom:container-muxer-webm: aa71ff27fc2769a1b78a27578f13a17b -> 
  custom:video-decoder-webm-vp8: 9c59270c3fd7afecdb556c50c9e8de78 -> 
  custom:SearchIndexIgnoredProperties: e643bd26f0fe6173181afceb89e7c659 -> 
  custom:AudioImporter_EditorPlatform: d09bf68614088b80899f8185d706f6e7 -> 
  custom:video-encoder-webm-vp8: eb34c28f22e8b96e1ab97ce403110664 -> 
  custom:audio-decoder-ogg-vorbis: bf7c407c2cedff20999df2af8eb42d56 -> 
  custom:audio-encoder-webm-vorbis: bf7c407c2cedff20999df2af8eb42d56 -> 
Editor requested this worker to shutdown with reason: Scaling down because of idle timeout
TcpMessagingSession - receive error: operation aborted. errorcode: 995, details: 스레드 종료 또는 응용 프로그램 요청 때문에 I/O 작업이 취소되었습니다.
AssetImportWorker is now disconnected from the server
Process exiting
Exiting without the bug reporter. Application will terminate with return code 0